# project  configured on Mon Mar  3 10:34:14 2025 by
# waf 1.7.11 (abi 98, python 30d02f0 on darwin)
# using /Users/gautam/.rebbletool/rebbletool/sdk/SDKs/current/sdk-core/pebble/waf configure
#
----------------------------------------
Setting top to
/Users/gautam/Desktop/pebble_project/analog_watchface
----------------------------------------
Setting out to
/Users/gautam/Desktop/pebble_project/analog_watchface/build
----------------------------------------
Checking for program webpack
/Users/gautam/.rebbletool/rebbletool/sdk/SDKs/current/node_modules/.bin/webpack
find program=['webpack'] paths=['/Users/gautam/.rebbletool/rebbletool/sdk/SDKs/current/node_modules/.bin'] var='WEBPACK' -> '/Users/gautam/.rebbletool/rebbletool/sdk/SDKs/current/node_modules/.bin/webpack'
----------------------------------------
Found Pebble SDK for diorite in:
/Users/gautam/.rebbletool/rebbletool/sdk/SDKs/current/sdk-core/pebble/diorite
----------------------------------------
Checking for program gcc,cc
arm-none-eabi-gcc
find program=['gcc', 'cc'] paths='' var='CC' -> 'arm-none-eabi-gcc'
----------------------------------------
Checking for program ar
arm-none-eabi-ar
find program=['ar'] paths='' var='AR' -> 'arm-none-eabi-ar'
----------------------------------------
Found Pebble SDK for chalk in:
/Users/gautam/.rebbletool/rebbletool/sdk/SDKs/current/sdk-core/pebble/chalk
----------------------------------------
Checking for program gcc,cc
arm-none-eabi-gcc
find program=['gcc', 'cc'] paths='' var='CC' -> 'arm-none-eabi-gcc'
----------------------------------------
Checking for program ar
arm-none-eabi-ar
find program=['ar'] paths='' var='AR' -> 'arm-none-eabi-ar'
----------------------------------------
Found Pebble SDK for basalt in:
/Users/gautam/.rebbletool/rebbletool/sdk/SDKs/current/sdk-core/pebble/basalt
----------------------------------------
Checking for program gcc,cc
arm-none-eabi-gcc
find program=['gcc', 'cc'] paths='' var='CC' -> 'arm-none-eabi-gcc'
----------------------------------------
Checking for program ar
arm-none-eabi-ar
find program=['ar'] paths='' var='AR' -> 'arm-none-eabi-ar'
----------------------------------------
Found Pebble SDK for aplite in:
/Users/gautam/.rebbletool/rebbletool/sdk/SDKs/current/sdk-core/pebble/aplite
----------------------------------------
Checking for program gcc,cc
arm-none-eabi-gcc
find program=['gcc', 'cc'] paths='' var='CC' -> 'arm-none-eabi-gcc'
----------------------------------------
Checking for program ar
arm-none-eabi-ar
find program=['ar'] paths='' var='AR' -> 'arm-none-eabi-ar'
